2022-10-17 14:16:08,343 DEBUG [org.jasig.cas.services.DefaultServicesManagerImpl] - Adding registered service http://**
2022-10-17 14:16:08,344 DEBUG [org.jasig.cas.services.DefaultServicesManagerImpl] - Adding registered service https://**
2022-10-17 14:16:08,344 DEBUG [org.jasig.cas.services.DefaultServicesManagerImpl] - Adding registered service imaps://**
2022-10-17 14:16:08,344 DEBUG [org.jasig.cas.services.DefaultServicesManagerImpl] - Adding registered service imap://**
2022-10-17 14:16:08,344 INFO [org.jasig.cas.services.DefaultServicesManagerImpl] - Loaded 4 services.
2022-10-17 14:16:08,575 DEBUG [org.jasig.cas.util.AutowiringSchedulerFactoryBean] - Autowired the following triggers defined in application context: [triggerJobDetailTicketRegistryCleaner, periodicServiceRegistryReloaderTrigger]
2022-10-17 14:16:08,672 INFO [org.jasig.cas.util.AutowiringSchedulerFactoryBean] - Starting Quartz Scheduler now
2022-10-17 14:16:08,823 DEBUG [org.jasig.cas.services.web.ManageRegisteredServicesMultiActionController] - Found action method [public org.springframework.web.servlet.ModelAndView org.jasig.cas.services.web.ManageRegisteredServicesMultiActionController.deleteRegisteredService(javax.servlet.http.HttpServletRequest,javax.servlet.http.HttpServletResponse)]
2022-10-17 14:16:08,823 DEBUG [org.jasig.cas.services.web.ManageRegisteredServicesMultiActionController] - Found action method [public org.springframework.web.servlet.ModelAndView org.jasig.cas.services.web.ManageRegisteredServicesMultiActionController.manage(javax.servlet.http.HttpServletRequest,javax.servlet.http.HttpServletResponse)]
2022-10-17 14:16:26,923 INFO [org.jasig.cas.ticket.registry.support.DefaultTicketRegistryCleaner] - Beginning ticket cleanup.
2022-10-17 14:16:26,926 DEBUG [org.jasig.cas.ticket.registry.support.DefaultTicketRegistryCleaner] - Attempting to acquire ticket cleanup lock.
2022-10-17 14:16:26,928 DEBUG [org.jasig.cas.ticket.registry.support.DefaultTicketRegistryCleaner] - Acquired lock.  Proceeding with cleanup.
2022-10-17 14:16:26,929 INFO [org.jasig.cas.ticket.registry.support.DefaultTicketRegistryCleaner] - 0 tickets found to be removed.
2022-10-17 14:16:26,929 DEBUG [org.jasig.cas.ticket.registry.support.DefaultTicketRegistryCleaner] - Releasing ticket cleanup lock.
2022-10-17 14:16:26,929 INFO [org.jasig.cas.ticket.registry.support.DefaultTicketRegistryCleaner] - Finished ticket cleanup.
2022-10-17 14:18:08,370 INFO [org.jasig.cas.services.DefaultServicesManagerImpl] - Reloading registered services.
2022-10-17 14:18:08,370 DEBUG [org.jasig.cas.services.DefaultServicesManagerImpl] - Adding registered service http://**
2022-10-17 14:18:08,371 DEBUG [org.jasig.cas.services.DefaultServicesManagerImpl] - Adding registered service https://**
2022-10-17 14:18:08,371 DEBUG [org.jasig.cas.services.DefaultServicesManagerImpl] - Adding registered service imaps://**
2022-10-17 14:18:08,371 DEBUG [org.jasig.cas.services.DefaultServicesManagerImpl] - Adding registered service imap://**
2022-10-17 14:18:08,372 INFO [org.jasig.cas.services.DefaultServicesManagerImpl] - Loaded 4 services.
2022-10-17 14:23:05,728 DEBUG [org.jasig.cas.services.DefaultServicesManagerImpl] - Adding registered service http://**
2022-10-17 14:23:05,728 DEBUG [org.jasig.cas.services.DefaultServicesManagerImpl] - Adding registered service https://**
2022-10-17 14:23:05,728 DEBUG [org.jasig.cas.services.DefaultServicesManagerImpl] - Adding registered service imaps://**
2022-10-17 14:23:05,728 DEBUG [org.jasig.cas.services.DefaultServicesManagerImpl] - Adding registered service imap://**
2022-10-17 14:23:05,729 INFO [org.jasig.cas.services.DefaultServicesManagerImpl] - Loaded 4 services.
2022-10-17 14:23:05,970 DEBUG [org.jasig.cas.util.AutowiringSchedulerFactoryBean] - Autowired the following triggers defined in application context: [triggerJobDetailTicketRegistryCleaner, periodicServiceRegistryReloaderTrigger]
2022-10-17 14:23:06,040 INFO [org.jasig.cas.util.AutowiringSchedulerFactoryBean] - Starting Quartz Scheduler now
2022-10-17 14:23:06,186 DEBUG [org.jasig.cas.services.web.ManageRegisteredServicesMultiActionController] - Found action method [public org.springframework.web.servlet.ModelAndView org.jasig.cas.services.web.ManageRegisteredServicesMultiActionController.manage(javax.servlet.http.HttpServletRequest,javax.servlet.http.HttpServletResponse)]
2022-10-17 14:23:06,186 DEBUG [org.jasig.cas.services.web.ManageRegisteredServicesMultiActionController] - Found action method [public org.springframework.web.servlet.ModelAndView org.jasig.cas.services.web.ManageRegisteredServicesMultiActionController.deleteRegisteredService(javax.servlet.http.HttpServletRequest,javax.servlet.http.HttpServletResponse)]
2022-10-17 14:23:23,824 INFO [org.jasig.cas.ticket.registry.support.DefaultTicketRegistryCleaner] - Beginning ticket cleanup.
2022-10-17 14:23:23,824 DEBUG [org.jasig.cas.ticket.registry.support.DefaultTicketRegistryCleaner] - Attempting to acquire ticket cleanup lock.
2022-10-17 14:23:23,825 DEBUG [org.jasig.cas.ticket.registry.support.DefaultTicketRegistryCleaner] - Acquired lock.  Proceeding with cleanup.
2022-10-17 14:23:23,826 INFO [org.jasig.cas.ticket.registry.support.DefaultTicketRegistryCleaner] - 0 tickets found to be removed.
2022-10-17 14:23:23,826 DEBUG [org.jasig.cas.ticket.registry.support.DefaultTicketRegistryCleaner] - Releasing ticket cleanup lock.
2022-10-17 14:23:23,826 INFO [org.jasig.cas.ticket.registry.support.DefaultTicketRegistryCleaner] - Finished ticket cleanup.
2022-10-17 14:25:05,755 INFO [org.jasig.cas.services.DefaultServicesManagerImpl] - Reloading registered services.
2022-10-17 14:25:05,755 DEBUG [org.jasig.cas.services.DefaultServicesManagerImpl] - Adding registered service http://**
2022-10-17 14:25:05,756 DEBUG [org.jasig.cas.services.DefaultServicesManagerImpl] - Adding registered service https://**
2022-10-17 14:25:05,756 DEBUG [org.jasig.cas.services.DefaultServicesManagerImpl] - Adding registered service imaps://**
2022-10-17 14:25:05,756 DEBUG [org.jasig.cas.services.DefaultServicesManagerImpl] - Adding registered service imap://**
2022-10-17 14:25:05,756 INFO [org.jasig.cas.services.DefaultServicesManagerImpl] - Loaded 4 services.
2022-10-17 14:27:05,752 INFO [org.jasig.cas.services.DefaultServicesManagerImpl] - Reloading registered services.
2022-10-17 14:27:05,753 DEBUG [org.jasig.cas.services.DefaultServicesManagerImpl] - Adding registered service http://**
2022-10-17 14:27:05,753 DEBUG [org.jasig.cas.services.DefaultServicesManagerImpl] - Adding registered service https://**
2022-10-17 14:27:05,753 DEBUG [org.jasig.cas.services.DefaultServicesManagerImpl] - Adding registered service imaps://**
2022-10-17 14:27:05,753 DEBUG [org.jasig.cas.services.DefaultServicesManagerImpl] - Adding registered service imap://**
2022-10-17 14:27:05,753 INFO [org.jasig.cas.services.DefaultServicesManagerImpl] - Loaded 4 services.
2022-10-17 14:34:13,312 DEBUG [org.jasig.cas.services.DefaultServicesManagerImpl] - Adding registered service http://**
2022-10-17 14:34:13,312 DEBUG [org.jasig.cas.services.DefaultServicesManagerImpl] - Adding registered service https://**
2022-10-17 14:34:13,313 DEBUG [org.jasig.cas.services.DefaultServicesManagerImpl] - Adding registered service imaps://**
2022-10-17 14:34:13,313 DEBUG [org.jasig.cas.services.DefaultServicesManagerImpl] - Adding registered service imap://**
2022-10-17 14:34:13,313 INFO [org.jasig.cas.services.DefaultServicesManagerImpl] - Loaded 4 services.
2022-10-17 14:34:13,571 DEBUG [org.jasig.cas.util.AutowiringSchedulerFactoryBean] - Autowired the following triggers defined in application context: [triggerJobDetailTicketRegistryCleaner, periodicServiceRegistryReloaderTrigger]
2022-10-17 14:34:13,640 INFO [org.jasig.cas.util.AutowiringSchedulerFactoryBean] - Starting Quartz Scheduler now
2022-10-17 14:34:13,778 DEBUG [org.jasig.cas.services.web.ManageRegisteredServicesMultiActionController] - Found action method [public org.springframework.web.servlet.ModelAndView org.jasig.cas.services.web.ManageRegisteredServicesMultiActionController.manage(javax.servlet.http.HttpServletRequest,javax.servlet.http.HttpServletResponse)]
2022-10-17 14:34:13,778 DEBUG [org.jasig.cas.services.web.ManageRegisteredServicesMultiActionController] - Found action method [public org.springframework.web.servlet.ModelAndView org.jasig.cas.services.web.ManageRegisteredServicesMultiActionController.deleteRegisteredService(javax.servlet.http.HttpServletRequest,javax.servlet.http.HttpServletResponse)]
2022-10-17 14:34:31,361 INFO [org.jasig.cas.ticket.registry.support.DefaultTicketRegistryCleaner] - Beginning ticket cleanup.
2022-10-17 14:34:31,363 DEBUG [org.jasig.cas.ticket.registry.support.DefaultTicketRegistryCleaner] - Attempting to acquire ticket cleanup lock.
2022-10-17 14:34:31,364 DEBUG [org.jasig.cas.ticket.registry.support.DefaultTicketRegistryCleaner] - Acquired lock.  Proceeding with cleanup.
2022-10-17 14:34:31,364 INFO [org.jasig.cas.ticket.registry.support.DefaultTicketRegistryCleaner] - 0 tickets found to be removed.
2022-10-17 14:34:31,365 DEBUG [org.jasig.cas.ticket.registry.support.DefaultTicketRegistryCleaner] - Releasing ticket cleanup lock.
2022-10-17 14:34:31,365 INFO [org.jasig.cas.ticket.registry.support.DefaultTicketRegistryCleaner] - Finished ticket cleanup.
2022-10-17 14:36:13,328 INFO [org.jasig.cas.services.DefaultServicesManagerImpl] - Reloading registered services.
2022-10-17 14:36:13,329 DEBUG [org.jasig.cas.services.DefaultServicesManagerImpl] - Adding registered service http://**
2022-10-17 14:36:13,329 DEBUG [org.jasig.cas.services.DefaultServicesManagerImpl] - Adding registered service https://**
2022-10-17 14:36:13,329 DEBUG [org.jasig.cas.services.DefaultServicesManagerImpl] - Adding registered service imaps://**
2022-10-17 14:36:13,329 DEBUG [org.jasig.cas.services.DefaultServicesManagerImpl] - Adding registered service imap://**
2022-10-17 14:36:13,329 INFO [org.jasig.cas.services.DefaultServicesManagerImpl] - Loaded 4 services.
2022-10-17 14:38:13,337 INFO [org.jasig.cas.services.DefaultServicesManagerImpl] - Reloading registered services.
2022-10-17 14:38:13,338 DEBUG [org.jasig.cas.services.DefaultServicesManagerImpl] - Adding registered service http://**
2022-10-17 14:38:13,338 DEBUG [org.jasig.cas.services.DefaultServicesManagerImpl] - Adding registered service https://**
2022-10-17 14:38:13,338 DEBUG [org.jasig.cas.services.DefaultServicesManagerImpl] - Adding registered service imaps://**
2022-10-17 14:38:13,338 DEBUG [org.jasig.cas.services.DefaultServicesManagerImpl] - Adding registered service imap://**
2022-10-17 14:38:13,338 INFO [org.jasig.cas.services.DefaultServicesManagerImpl] - Loaded 4 services.
2022-10-17 14:40:13,327 INFO [org.jasig.cas.services.DefaultServicesManagerImpl] - Reloading registered services.
2022-10-17 14:40:13,327 DEBUG [org.jasig.cas.services.DefaultServicesManagerImpl] - Adding registered service http://**
2022-10-17 14:40:13,327 DEBUG [org.jasig.cas.services.DefaultServicesManagerImpl] - Adding registered service https://**
2022-10-17 14:40:13,327 DEBUG [org.jasig.cas.services.DefaultServicesManagerImpl] - Adding registered service imaps://**
2022-10-17 14:40:13,327 DEBUG [org.jasig.cas.services.DefaultServicesManagerImpl] - Adding registered service imap://**
2022-10-17 14:40:13,327 INFO [org.jasig.cas.services.DefaultServicesManagerImpl] - Loaded 4 services.
2022-10-17 14:42:13,330 INFO [org.jasig.cas.services.DefaultServicesManagerImpl] - Reloading registered services.
2022-10-17 14:42:13,331 DEBUG [org.jasig.cas.services.DefaultServicesManagerImpl] - Adding registered service http://**
2022-10-17 14:42:13,331 DEBUG [org.jasig.cas.services.DefaultServicesManagerImpl] - Adding registered service https://**
2022-10-17 14:42:13,331 DEBUG [org.jasig.cas.services.DefaultServicesManagerImpl] - Adding registered service imaps://**
2022-10-17 14:42:13,331 DEBUG [org.jasig.cas.services.DefaultServicesManagerImpl] - Adding registered service imap://**
2022-10-17 14:42:13,331 INFO [org.jasig.cas.services.DefaultServicesManagerImpl] - Loaded 4 services.
2022-10-17 14:44:13,323 INFO [org.jasig.cas.services.DefaultServicesManagerImpl] - Reloading registered services.
2022-10-17 14:44:13,324 DEBUG [org.jasig.cas.services.DefaultServicesManagerImpl] - Adding registered service http://**
2022-10-17 14:44:13,324 DEBUG [org.jasig.cas.services.DefaultServicesManagerImpl] - Adding registered service https://**
2022-10-17 14:44:13,324 DEBUG [org.jasig.cas.services.DefaultServicesManagerImpl] - Adding registered service imaps://**
2022-10-17 14:44:13,324 DEBUG [org.jasig.cas.services.DefaultServicesManagerImpl] - Adding registered service imap://**
2022-10-17 14:44:13,324 INFO [org.jasig.cas.services.DefaultServicesManagerImpl] - Loaded 4 services.
2022-10-17 14:44:37,999 DEBUG [org.jasig.cas.services.DefaultServicesManagerImpl] - Adding registered service http://**
2022-10-17 14:44:38,000 DEBUG [org.jasig.cas.services.DefaultServicesManagerImpl] - Adding registered service https://**
2022-10-17 14:44:38,000 DEBUG [org.jasig.cas.services.DefaultServicesManagerImpl] - Adding registered service imaps://**
2022-10-17 14:44:38,000 DEBUG [org.jasig.cas.services.DefaultServicesManagerImpl] - Adding registered service imap://**
2022-10-17 14:44:38,001 INFO [org.jasig.cas.services.DefaultServicesManagerImpl] - Loaded 4 services.
2022-10-17 14:44:38,342 DEBUG [org.jasig.cas.util.AutowiringSchedulerFactoryBean] - Autowired the following triggers defined in application context: [triggerJobDetailTicketRegistryCleaner, periodicServiceRegistryReloaderTrigger]
2022-10-17 14:44:38,444 INFO [org.jasig.cas.util.AutowiringSchedulerFactoryBean] - Starting Quartz Scheduler now
2022-10-17 14:44:38,598 DEBUG [org.jasig.cas.services.web.ManageRegisteredServicesMultiActionController] - Found action method [public org.springframework.web.servlet.ModelAndView org.jasig.cas.services.web.ManageRegisteredServicesMultiActionController.manage(javax.servlet.http.HttpServletRequest,javax.servlet.http.HttpServletResponse)]
2022-10-17 14:44:38,598 DEBUG [org.jasig.cas.services.web.ManageRegisteredServicesMultiActionController] - Found action method [public org.springframework.web.servlet.ModelAndView org.jasig.cas.services.web.ManageRegisteredServicesMultiActionController.deleteRegisteredService(javax.servlet.http.HttpServletRequest,javax.servlet.http.HttpServletResponse)]
2022-10-17 14:44:56,931 INFO [org.jasig.cas.ticket.registry.support.DefaultTicketRegistryCleaner] - Beginning ticket cleanup.
2022-10-17 14:44:56,931 DEBUG [org.jasig.cas.ticket.registry.support.DefaultTicketRegistryCleaner] - Attempting to acquire ticket cleanup lock.
2022-10-17 14:44:56,932 DEBUG [org.jasig.cas.ticket.registry.support.DefaultTicketRegistryCleaner] - Acquired lock.  Proceeding with cleanup.
2022-10-17 14:44:56,933 INFO [org.jasig.cas.ticket.registry.support.DefaultTicketRegistryCleaner] - 0 tickets found to be removed.
2022-10-17 14:44:56,933 DEBUG [org.jasig.cas.ticket.registry.support.DefaultTicketRegistryCleaner] - Releasing ticket cleanup lock.
2022-10-17 14:44:56,934 INFO [org.jasig.cas.ticket.registry.support.DefaultTicketRegistryCleaner] - Finished ticket cleanup.
2022-10-17 14:46:38,030 INFO [org.jasig.cas.services.DefaultServicesManagerImpl] - Reloading registered services.
2022-10-17 14:46:38,030 DEBUG [org.jasig.cas.services.DefaultServicesManagerImpl] - Adding registered service http://**
2022-10-17 14:46:38,030 DEBUG [org.jasig.cas.services.DefaultServicesManagerImpl] - Adding registered service https://**
2022-10-17 14:46:38,031 DEBUG [org.jasig.cas.services.DefaultServicesManagerImpl] - Adding registered service imaps://**
2022-10-17 14:46:38,031 DEBUG [org.jasig.cas.services.DefaultServicesManagerImpl] - Adding registered service imap://**
2022-10-17 14:46:38,031 INFO [org.jasig.cas.services.DefaultServicesManagerImpl] - Loaded 4 services.
